<?xml version="1.0" encoding="UTF-8"?>
<!-- Generated by org.testng.reporters.JUnitReportReporter -->
<testsuite hostname="Prashanth" failures="0" tests="1" name="testCases.TC_001_Registration" time="6.437" errors="0" timestamp="2024-05-28T09:29:26 IST" skipped="0">
  <testcase classname="testCases.TC_001_Registration" name="CreateAccount" time="6.437"/>
  <system-out/>
</testsuite> <!-- testCases.TC_001_Registration -->
