<?xml version="1.0" encoding="UTF-8"?>
<!-- Generated by org.testng.reporters.JUnitReportReporter -->
<testsuite hostname="Prashanth" failures="0" tests="1" name="PageObjectModel.LoginTest" time="184.723" errors="0" timestamp="2024-05-27T11:07:59 IST" skipped="0">
  <testcase classname="PageObjectModel.LoginTest" name="login" time="184.723"/>
  <system-out/>
</testsuite> <!-- PageObjectModel.LoginTest -->
